1486203844963	geckodriver	INFO	Listening on 127.0.0.1:43899
1486203845956	mozprofile::profile	INFO	Using profile path /tmp/rust_mozprofile.wGLN7pHnF3QL
1486203845962	geckodriver::marionette	INFO	Starting browser /usr/bin/firefox
1486203845974	geckodriver::marionette	INFO	Connecting to Marionette on localhost:37259
1486203853255	Marionette	INFO	Listening on port 37259

(firefox:26063): GLib-GObject-WARNING **: cannot register existing type 'GdkDisplay'

(firefox:26063): GLib-CRITICAL **: g_once_init_leave: assertion 'result != 0' failed

(firefox:26063): GLib-GObject-CRITICAL **: g_type_register_static: assertion 'parent_type > 0' failed

(firefox:26063): GLib-CRITICAL **: g_once_init_leave: assertion 'result != 0' failed
1486203869803	geckodriver	INFO	Listening on 127.0.0.1:58259
1486203870808	mozprofile::profile	INFO	Using profile path /tmp/rust_mozprofile.hWLHwBvuHuhi
1486203870812	geckodriver::marionette	INFO	Starting browser /usr/bin/firefox
1486203870816	geckodriver::marionette	INFO	Connecting to Marionette on localhost:33661
1486203878122	Marionette	INFO	Listening on port 33661

(firefox:26163): GLib-GObject-WARNING **: cannot register existing type 'GdkDisplay'

(firefox:26163): GLib-CRITICAL **: g_once_init_leave: assertion 'result != 0' failed

(firefox:26163): GLib-GObject-CRITICAL **: g_type_register_static: assertion 'parent_type > 0' failed

(firefox:26163): GLib-CRITICAL **: g_once_init_leave: assertion 'result != 0' failed
[GFX1-]: Receive IPC close with reason=AbnormalShutdown
[Child 26229] WARNING: pipe error (3): Connection reset by peer: file /home/abuild/rpmbuild/BUILD/mozilla/ipc/chromium/src/chrome/common/ipc_channel_posix.cc, line 320
